#
# There is insufficient memory for the Java Runtime Environment to continue.
# Native memory allocation (mmap) failed to map 67108864 bytes for G1 virtual space
# Possible reasons:
#   The system is out of physical RAM or swap space
#   The process is running with CompressedOops enabled, and the Java Heap may be blocking the growth of the native heap
# Possible solutions:
#   Reduce memory load on the system
#   Increase physical memory or swap space
#   Check if swap backing store is full
#   Decrease Java heap size (-Xmx/-Xms)
#   Decrease number of Java threads
#   Decrease Java thread stack sizes (-Xss)
#   Set larger code cache with -XX:ReservedCodeCacheSize=
#   JVM is running with Unscaled Compressed Oops mode in which the Java heap is
#     placed in the first 4GB address space. The Java Heap base address is the
#     maximum limit for the native heap growth. Please use -XX:HeapBaseMinAddress
#     to set the Java Heap base and to place the Java Heap above 4GB virtual address.
# This output file may be truncated or incomplete.
#
#  Out of Memory Error (os_windows.cpp:3548), pid=2064, tid=11256
#
# JRE version:  (17.0.10+11) (build )
# Java VM: Java HotSpot(TM) 64-Bit Server VM (17.0.10+11-LTS-240, mixed mode, sharing, tiered, compressed oops, compressed class ptrs, g1 gc, windows-amd64)
# No core dump will be written. Minidumps are not enabled by default on client versions of Windows
#

---------------  S U M M A R Y ------------

Command Line: -Xmx64m -Xms64m -Dorg.gradle.appname=gradlew org.gradle.wrapper.GradleWrapperMain app:installDebug -PreactNativeDevServerPort=8081

Host: Intel(R) Core(TM) i5-5200U CPU @ 2.20GHz, 4 cores, 7G,  Windows 10 , 64 bit Build 19041 (10.0.19041.3636)
Time: Sat Apr  6 00:34:23 2024 SE Asia Standard Time elapsed time: 0.020906 seconds (0d 0h 0m 0s)

---------------  T H R E A D  ---------------

Current thread (0x0000015971c46ec0):  JavaThread "Unknown thread" [_thread_in_vm, id=11256, stack(0x0000004a22d00000,0x0000004a22e00000)]

Stack: [0x0000004a22d00000,0x0000004a22e00000]
Native frames: (J=compiled Java code, j=interpreted, Vv=VM code, C=native code)
V  [jvm.dll+0x677a5a]
V  [jvm.dll+0x7d8b2d]
V  [jvm.dll+0x7da48e]
V  [jvm.dll+0x7daaf3]
V  [jvm.dll+0x2455ff]
V  [jvm.dll+0x6749b9]
V  [jvm.dll+0x669382]
V  [jvm.dll+0x302e96]
V  [jvm.dll+0x30a416]
V  [jvm.dll+0x359cbe]
V  [jvm.dll+0x359eef]
V  [jvm.dll+0x2d9e88]
V  [jvm.dll+0x2dadf4]
V  [jvm.dll+0x7aa551]
V  [jvm.dll+0x367911]
V  [jvm.dll+0x789639]
V  [jvm.dll+0x3eb30f]
V  [jvm.dll+0x3ecd91]
C  [jli.dll+0x5297]
C  [ucrtbase.dll+0x21bb2]
C  [KERNEL32.DLL+0x17344]
C  [ntdll.dll+0x526b1]


---------------  P R O C E S S  ---------------

Threads class SMR info:
_java_thread_list=0x00007ff987ed6a18, length=0, elements={
}

Java Threads: ( => current thread )

Other Threads:
  0x0000015971c68a00 GCTaskThread "GC Thread#0" [stack: 0x0000004a22e00000,0x0000004a22f00000] [id=13232]
  0x0000015971c6a150 ConcurrentGCThread "G1 Main Marker" [stack: 0x0000004a22f00000,0x0000004a23000000] [id=8596]
  0x0000015971c6b300 ConcurrentGCThread "G1 Conc#0" [stack: 0x0000004a23000000,0x0000004a23100000] [id=6888]

[error occurred during error reporting (printing all threads), id 0xc0000005, EXCEPTION_ACCESS_VIOLATION (0xc0000005) at pc=0x00007ff98770aae7]

VM state: not at safepoint (not fully initialized)

VM Mutex/Monitor currently owned by a thread:  ([mutex/lock_event])
[0x0000015971c43e90] Heap_lock - owner thread: 0x0000015971c46ec0

Heap address: 0x00000000fc000000, size: 64 MB, Compressed Oops mode: 32-bit

CDS archive(s) mapped at: [0x0000000000000000-0x0000000000000000-0x0000000000000000), size 0, SharedBaseAddress: 0x0000000800000000, ArchiveRelocationMode: 1.
Narrow klass base: 0x0000000000000000, Narrow klass shift: 0, Narrow klass range: 0x0

GC Precious Log:
<Empty>

Heap:
 garbage-first heap   total 0K, used 0K [0x00000000fc000000, 0x0000000100000000)
  region size 1024K, 0 young (0K), 0 survivors (0K)

[error occurred during error reporting (printing heap information), id 0xc0000005, EXCEPTION_ACCESS_VIOLATION (0xc0000005) at pc=0x00007ff987af1249]

GC Heap History (0 events):
No events

Deoptimization events (0 events):
No events

Classes unloaded (0 events):
No events

Classes redefined (0 events):
No events

Internal exceptions (0 events):
No events

VM Operations (0 events):
No events

Events (1 events):
Event: 0.009 Loaded shared library C:\Program Files\Java\jdk-17\bin\java.dll


Dynamic libraries:
0x00007ff7c5bc0000 - 0x00007ff7c5bd0000 	C:\Program Files\Java\jdk-17\bin\java.exe
0x00007ff9d3030000 - 0x00007ff9d3228000 	C:\WINDOWS\SYSTEM32\ntdll.dll
0x00007ff9d2620000 - 0x00007ff9d26dd000 	C:\WINDOWS\System32\KERNEL32.DLL
0x00007ff9d0970000 - 0x00007ff9d0c66000 	C:\WINDOWS\System32\KERNELBASE.dll
0x00007ff9d0870000 - 0x00007ff9d0970000 	C:\WINDOWS\System32\ucrtbase.dll
0x00007ff9c8a80000 - 0x00007ff9c8a9b000 	C:\Program Files\Java\jdk-17\bin\VCRUNTIME140.dll
0x00007ff9ca990000 - 0x00007ff9ca9a9000 	C:\Program Files\Java\jdk-17\bin\jli.dll
0x00007ff9d2160000 - 0x00007ff9d2210000 	C:\WINDOWS\System32\ADVAPI32.dll
0x00007ff9d26e0000 - 0x00007ff9d277e000 	C:\WINDOWS\System32\msvcrt.dll
0x00007ff9d2ce0000 - 0x00007ff9d2d80000 	C:\WINDOWS\System32\sechost.dll
0x00007ff9d2de0000 - 0x00007ff9d2f05000 	C:\WINDOWS\System32\RPCRT4.dll
0x00007ff9d0f30000 - 0x00007ff9d0f57000 	C:\WINDOWS\System32\bcrypt.dll
0x00007ff9d1e30000 - 0x00007ff9d1fce000 	C:\WINDOWS\System32\USER32.dll
0x00007ff9d0c70000 - 0x00007ff9d0c92000 	C:\WINDOWS\System32\win32u.dll
0x00007ff9d2830000 - 0x00007ff9d285b000 	C:\WINDOWS\System32\GDI32.dll
0x00007ff9d0750000 - 0x00007ff9d0867000 	C:\WINDOWS\System32\gdi32full.dll
0x00007ff9c1450000 - 0x00007ff9c16ea000 	C:\WINDOWS\WinSxS\amd64_microsoft.windows.common-controls_6595b64144ccf1df_6.0.19041.3636_none_60b6a03d71f818d5\COMCTL32.dll
0x00007ff9d0ca0000 - 0x00007ff9d0d3d000 	C:\WINDOWS\System32\msvcp_win.dll
0x00007ff9c84e0000 - 0x00007ff9c84ea000 	C:\WINDOWS\SYSTEM32\VERSION.dll
0x00007ff9d2270000 - 0x00007ff9d22a2000 	C:\WINDOWS\System32\IMM32.DLL
0x00007ff9cac00000 - 0x00007ff9cac0c000 	C:\Program Files\Java\jdk-17\bin\vcruntime140_1.dll
0x00007ff9b5a20000 - 0x00007ff9b5aae000 	C:\Program Files\Java\jdk-17\bin\msvcp140.dll
0x00007ff987420000 - 0x00007ff987fff000 	C:\Program Files\Java\jdk-17\bin\server\jvm.dll
0x00007ff9d2cd0000 - 0x00007ff9d2cd8000 	C:\WINDOWS\System32\PSAPI.DLL
0x00007ff9c1230000 - 0x00007ff9c1257000 	C:\WINDOWS\SYSTEM32\WINMM.dll
0x00007ff9c0620000 - 0x00007ff9c0629000 	C:\WINDOWS\SYSTEM32\WSOCK32.dll
0x00007ff9d1b30000 - 0x00007ff9d1b9b000 	C:\WINDOWS\System32\WS2_32.dll
0x00007ff9cef20000 - 0x00007ff9cef32000 	C:\WINDOWS\SYSTEM32\kernel.appcore.dll
0x00007ff9c8970000 - 0x00007ff9c897a000 	C:\Program Files\Java\jdk-17\bin\jimage.dll
0x00007ff9befd0000 - 0x00007ff9bf1b4000 	C:\WINDOWS\SYSTEM32\DBGHELP.DLL
0x00007ff9beb40000 - 0x00007ff9beb74000 	C:\WINDOWS\SYSTEM32\dbgcore.DLL
0x00007ff9d0ea0000 - 0x00007ff9d0f22000 	C:\WINDOWS\System32\bcryptPrimitives.dll
0x00007ff9b7b20000 - 0x00007ff9b7b45000 	C:\Program Files\Java\jdk-17\bin\java.dll

dbghelp: loaded successfully - version: 4.0.5 - missing functions: none
symbol engine: initialized successfully - sym options: 0x614 - pdb path: .;C:\Program Files\Java\jdk-17\bin;C:\WINDOWS\SYSTEM32;C:\WINDOWS\WinSxS\amd64_microsoft.windows.common-controls_6595b64144ccf1df_6.0.19041.3636_none_60b6a03d71f818d5;C:\Program Files\Java\jdk-17\bin\server

VM Arguments:
jvm_args: -Xmx64m -Xms64m -Dorg.gradle.appname=gradlew 
java_command: org.gradle.wrapper.GradleWrapperMain app:installDebug -PreactNativeDevServerPort=8081
java_class_path (initial): D:\CRO102_REACT_NATIVE\Exercises\ThiThu0504\android\\gradle\wrapper\gradle-wrapper.jar
Launcher Type: SUN_STANDARD

[Global flags]
     intx CICompilerCount                          = 3                                         {product} {ergonomic}
     uint ConcGCThreads                            = 1                                         {product} {ergonomic}
     uint G1ConcRefinementThreads                  = 4                                         {product} {ergonomic}
   size_t G1HeapRegionSize                         = 1048576                                   {product} {ergonomic}
    uintx GCDrainStackTargetSize                   = 64                                        {product} {ergonomic}
   size_t InitialHeapSize                          = 67108864                                  {product} {command line}
   size_t MarkStackSize                            = 4194304                                   {product} {ergonomic}
   size_t MaxHeapSize                              = 67108864                                  {product} {command line}
   size_t MinHeapDeltaBytes                        = 1048576                                   {product} {ergonomic}
   size_t MinHeapSize                              = 67108864                                  {product} {command line}
    uintx NonNMethodCodeHeapSize                   = 5832780                                {pd product} {ergonomic}
    uintx NonProfiledCodeHeapSize                  = 122912730                              {pd product} {ergonomic}
    uintx ProfiledCodeHeapSize                     = 122912730                              {pd product} {ergonomic}
    uintx ReservedCodeCacheSize                    = 251658240                              {pd product} {ergonomic}
     bool SegmentedCodeCache                       = true                                      {product} {ergonomic}
   size_t SoftMaxHeapSize                          = 67108864                               {manageable} {ergonomic}
     bool UseCompressedClassPointers               = true                           {product lp64_product} {ergonomic}
     bool UseCompressedOops                        = true                           {product lp64_product} {ergonomic}
     bool UseG1GC                                  = true                                      {product} {ergonomic}
     bool UseLargePagesIndividualAllocation        = false                                  {pd product} {ergonomic}

Logging:
Log output configuration:
 #0: stdout all=warning uptime,level,tags
 #1: stderr all=off uptime,level,tags

Environment Variables:
JAVA_HOME=C:\Program Files\Java\jdk-17
CLASSPATH=D:\CRO102_REACT_NATIVE\Exercises\ThiThu0504\android\\gradle\wrapper\gradle-wrapper.jar
PATH=D:\CRO102_REACT_NATIVE\Exercises\ThiThu0504\node_modules\.bin;D:\CRO102_REACT_NATIVE\Exercises\ThiThu0504\node_modules\.bin;D:\CRO102_REACT_NATIVE\Exercises\node_modules\.bin;D:\CRO102_REACT_NATIVE\node_modules\.bin;D:\node_modules\.bin;C:\Users\BuiCuong\AppData\Roaming\npm\node_modules\npm\node_modules\@npmcli\run-script\lib\node-gyp-bin;D:\CRO102_REACT_NATIVE\Exercises\ThiThu0504\node_modules\.bin;D:\CRO102_REACT_NATIVE\Exercises\node_modules\.bin;D:\CRO102_REACT_NATIVE\node_modules\.bin;D:\node_modules\.bin;C:\Users\BuiCuong\AppData\Roaming\npm\node_modules\npm\node_modules\@npmcli\run-script\lib\node-gyp-bin;C:\Program Files\Common Files\Oracle\Java\javapath;C:\WINDOWS\system32;C:\WINDOWS;C:\WINDOWS\System32\Wbem;C:\WINDOWS\System32\WindowsPowerShell\v1.0\;C:\WINDOWS\System32\OpenSSH\;C:\ProgramData\chocolatey\bin;C:\Program Files\nodejs\;D:\Download\Git\cmd;C:\Users\BuiCuong\AppData\Roaming\npm;C:\Users\BuiCuong\AppData\Local\Microsoft\WindowsApps;C:\Users\BuiCuong\AppData\Local\Programs\Microsoft VS Code\bin;C:\Users\BuiCuong\AppData\Roaming\npm;C:\Program Files\nodejs;C:\Program Files\Java\jdk-17\bin;
USERNAME=BuiCuong
LANG=en_US.UTF-8
OS=Windows_NT
PROCESSOR_IDENTIFIER=Intel64 Family 6 Model 61 Stepping 4, GenuineIntel



---------------  S Y S T E M  ---------------

OS:
 Windows 10 , 64 bit Build 19041 (10.0.19041.3636)
OS uptime: 0 days 14:03 hours

CPU: total 4 (initial active 4) (2 cores per cpu, 2 threads per core) family 6 model 61 stepping 4 microcode 0x2d, cx8, cmov, fxsr, ht, mmx, 3dnowpref, sse, sse2, sse3, ssse3, sse4.1, sse4.2, popcnt, lzcnt, tsc, tscinvbit, avx, avx2, aes, erms, clmul, bmi1, bmi2, adx, fma, vzeroupper, clflush

Memory: 4k page, system-wide physical 7872M (1105M free)
TotalPageFile size 12170M (AvailPageFile size 41M)
current process WorkingSet (physical memory assigned to process): 10M, peak: 10M
current process commit charge ("private bytes"): 51M, peak: 115M

vm_info: Java HotSpot(TM) 64-Bit Server VM (17.0.10+11-LTS-240) for windows-amd64 JRE (17.0.10+11-LTS-240), built on Dec 19 2023 21:47:25 by "mach5one" with MS VC++ 17.1 (VS2022)

END.
